<?xml version="1.0" encoding="UTF-8"?>
<testsuite xmlns:xsi="http://www.w3.org/2001/XMLSchema-instance" xsi:noNamespaceSchemaLocation="https://maven.apache.org/surefire/maven-surefire-plugin/xsd/surefire-test-report-3.0.xsd" version="3.0" name="jaskell.croupier.CroupierTest" time="2.533" tests="10" errors="0" skipped="0" failures="0">
  <properties>
[...]
</properties>
  <testcase name="testBinaryRank" classname="jaskell.croupier.CroupierTest" time="0.119">
    <system-out><![CDATA[Rand by weight croupier select 0.000000 item weight 0.646766 times 136.000000
Rand by weight croupier select 1.000000 item weight 7.939406 times 1607.000000
Rand by weight croupier select 2.000000 item weight 0.178774 times 40.000000
Rand by weight croupier select 3.000000 item weight 8.991487 times 1763.000000
Rand by weight croupier select 4.000000 item weight 3.752348 times 791.000000
Rand by weight croupier select 5.000000 item weight 1.262723 times 302.000000
Rand by weight croupier select 6.000000 item weight 0.462934 times 95.000000
Rand by weight croupier select 7.000000 item weight 8.142720 times 1670.000000
Rand by weight croupier select 8.000000 item weight 1.324967 times 283.000000
Rand by weight croupier select 9.000000 item weight 0.758436 times 165.000000
Rand by weight croupier select 10.000000 item weight 2.568261 times 617.000000
Rand by weight croupier select 11.000000 item weight 2.436516 times 487.000000
Rand by weight croupier select 12.000000 item weight 4.708990 times 1027.000000
Rand by weight croupier select 13.000000 item weight 0.898000 times 185.000000
Rand by weight croupier select 14.000000 item weight 4.298936 times 901.000000
Rand by weight croupier select 15.000000 item weight 1.465484 times 312.000000
Rand by weight croupier select 16.000000 item weight 4.840752 times 1008.000000
Rand by weight croupier select 17.000000 item weight 6.145552 times 1311.000000
Rand by weight croupier select 18.000000 item weight 1.198529 times 263.000000
Rand by weight croupier select 19.000000 item weight 1.126284 times 232.000000
Rand by weight croupier select 20.000000 item weight 1.144810 times 263.000000
Rand by weight croupier select 21.000000 item weight 1.354593 times 308.000000
Rand by weight croupier select 22.000000 item weight 0.586558 times 135.000000
Rand by weight croupier select 23.000000 item weight 2.940691 times 631.000000
Rand by weight croupier select 24.000000 item weight 9.028764 times 1826.000000
Rand by weight croupier select 25.000000 item weight 7.343207 times 1524.000000
Rand by weight croupier select 26.000000 item weight 6.397147 times 1293.000000
Rand by weight croupier select 27.000000 item weight 0.940593 times 220.000000
Rand by weight croupier select 28.000000 item weight 5.288475 times 1090.000000
Rand by weight croupier select 29.000000 item weight 7.671077 times 1610.000000
Rand by weight croupier select 30.000000 item weight 6.792728 times 1401.000000
Rand by weight croupier select 31.000000 item weight 4.059139 times 889.000000
Rand by weight croupier select 32.000000 item weight 7.385896 times 1552.000000
Rand by weight croupier select 33.000000 item weight 5.932557 times 1299.000000
Rand by weight croupier select 34.000000 item weight 7.082389 times 1475.000000
Rand by weight croupier select 35.000000 item weight 5.417490 times 1123.000000
Rand by weight croupier select 36.000000 item weight 9.524624 times 1922.000000
Rand by weight croupier select 37.000000 item weight 8.983596 times 1811.000000
Rand by weight croupier select 38.000000 item weight 6.343628 times 1262.000000
Rand by weight croupier select 39.000000 item weight 1.156419 times 263.000000
Rand by weight croupier select 40.000000 item weight 5.723678 times 1232.000000
Rand by weight croupier select 41.000000 item weight 0.436307 times 83.000000
Rand by weight croupier select 42.000000 item weight 7.327873 times 1536.000000
Rand by weight croupier select 43.000000 item weight 0.534234 times 119.000000
Rand by weight croupier select 44.000000 item weight 7.677899 times 1544.000000
Rand by weight croupier select 45.000000 item weight 0.483502 times 111.000000
Rand by weight croupier select 46.000000 item weight 5.724311 times 1247.000000
Rand by weight croupier select 47.000000 item weight 5.897316 times 1269.000000
Rand by weight croupier select 48.000000 item weight 3.093732 times 674.000000
Rand by weight croupier select 49.000000 item weight 2.656529 times 605.000000
Rand by weight croupier select 50.000000 item weight 6.663176 times 1405.000000
Rand by weight croupier select 51.000000 item weight 5.826768 times 1261.000000
Rand by weight croupier select 52.000000 item weight 8.402092 times 1664.000000
Rand by weight croupier select 53.000000 item weight 5.473251 times 1180.000000
Rand by weight croupier select 54.000000 item weight 3.458814 times 744.000000
Rand by weight croupier select 55.000000 item weight 7.274494 times 1472.000000
Rand by weight croupier select 56.000000 item weight 8.275356 times 1731.000000
Rand by weight croupier select 57.000000 item weight 7.099035 times 1475.000000
Rand by weight croupier select 58.000000 item weight 6.024460 times 1247.000000
Rand by weight croupier select 59.000000 item weight 2.824253 times 631.000000
Rand by weight croupier select 60.000000 item weight 3.213442 times 659.000000
Rand by weight croupier select 61.000000 item weight 4.122138 times 828.000000
Rand by weight croupier select 62.000000 item weight 4.134823 times 916.000000
Rand by weight croupier select 63.000000 item weight 7.348017 times 1543.000000
Rand by weight croupier select 64.000000 item weight 5.614317 times 1263.000000
Rand by weight croupier select 65.000000 item weight 1.335863 times 306.000000
Rand by weight croupier select 66.000000 item weight 3.769194 times 813.000000
Rand by weight croupier select 67.000000 item weight 4.275226 times 890.000000
Rand by weight croupier select 68.000000 item weight 4.207171 times 884.000000
Rand by weight croupier select 69.000000 item weight 8.023423 times 1681.000000
Rand by weight croupier select 70.000000 item weight 3.136962 times 721.000000
Rand by weight croupier select 71.000000 item weight 5.452287 times 1172.000000
Rand by weight croupier select 72.000000 item weight 6.501886 times 1315.000000
Rand by weight croupier select 73.000000 item weight 7.657424 times 1617.000000
Rand by weight croupier select 74.000000 item weight 8.669023 times 1719.000000
Rand by weight croupier select 75.000000 item weight 0.141951 times 35.000000
Rand by weight croupier select 76.000000 item weight 8.996304 times 1813.000000
Rand by weight croupier select 77.000000 item weight 2.154404 times 477.000000
Rand by weight croupier select 78.000000 item weight 0.252759 times 53.000000
Rand by weight croupier select 79.000000 item weight 8.096946 times 1669.000000
Rand by weight croupier select 80.000000 item weight 5.283214 times 1137.000000
Rand by weight croupier select 81.000000 item weight 8.865902 times 1879.000000
Rand by weight croupier select 82.000000 item weight 9.294846 times 1915.000000
Rand by weight croupier select 83.000000 item weight 8.839519 times 1867.000000
Rand by weight croupier select 84.000000 item weight 2.911846 times 631.000000
Rand by weight croupier select 85.000000 item weight 8.341013 times 1730.000000
Rand by weight croupier select 86.000000 item weight 2.815354 times 603.000000
Rand by weight croupier select 87.000000 item weight 4.288314 times 885.000000
Rand by weight croupier select 88.000000 item weight 0.884070 times 175.000000
Rand by weight croupier select 89.000000 item weight 3.561433 times 741.000000
Rand by weight croupier select 90.000000 item weight 1.708173 times 360.000000
Rand by weight croupier select 91.000000 item weight 4.696259 times 989.000000
Rand by weight croupier select 92.000000 item weight 1.003365 times 209.000000
Rand by weight croupier select 93.000000 item weight 6.828487 times 1441.000000
Rand by weight croupier select 94.000000 item weight 1.547016 times 360.000000
Rand by weight croupier select 95.000000 item weight 8.497918 times 1842.000000
Rand by weight croupier select 96.000000 item weight 7.945043 times 1635.000000
Rand by weight croupier select 97.000000 item weight 8.772660 times 1829.000000
Rand by weight croupier select 98.000000 item weight 9.872815 times 2009.000000
Rand by weight croupier select 99.000000 item weight 5.112026 times 1067.000000
]]></system-out>
  </testcase>
  <testcase name="testDraw" classname="jaskell.croupier.CroupierTest" time="0.144">
    <system-out><![CDATA[damping croupier draw 0 times 100000
damping croupier draw 1 times 100000
damping croupier draw 2 times 100000
damping croupier draw 3 times 100000
damping croupier draw 4 times 100000
damping croupier draw 5 times 100000
damping croupier draw 6 times 100000
damping croupier draw 7 times 100000
damping croupier draw 8 times 100000
damping croupier draw 9 times 100000
]]></system-out>
  </testcase>
  <testcase name="testFair" classname="jaskell.croupier.CroupierTest" time="0.013">
    <system-out><![CDATA[fair croupier select 0 times 9973
fair croupier select 1 times 10009
fair croupier select 2 times 10085
fair croupier select 3 times 9941
fair croupier select 4 times 9997
fair croupier select 5 times 10032
fair croupier select 6 times 10108
fair croupier select 7 times 9962
fair croupier select 8 times 9857
fair croupier select 9 times 10036
]]></system-out>
  </testcase>
  <testcase name="testRank" classname="jaskell.croupier.CroupierTest" time="0.099">
    <system-out><![CDATA[Rand by weight croupier select 0.000000 item weight 2.934258 times 602.000000
Rand by weight croupier select 1.000000 item weight 8.487845 times 1616.000000
Rand by weight croupier select 2.000000 item weight 7.412734 times 1352.000000
Rand by weight croupier select 3.000000 item weight 5.471044 times 1034.000000
Rand by weight croupier select 4.000000 item weight 1.058662 times 223.000000
Rand by weight croupier select 5.000000 item weight 6.637305 times 1268.000000
Rand by weight croupier select 6.000000 item weight 9.750368 times 1774.000000
Rand by weight croupier select 7.000000 item weight 0.583633 times 111.000000
Rand by weight croupier select 8.000000 item weight 9.409497 times 1717.000000
Rand by weight croupier select 9.000000 item weight 7.098138 times 1353.000000
Rand by weight croupier select 10.000000 item weight 8.964894 times 1621.000000
Rand by weight croupier select 11.000000 item weight 4.575839 times 869.000000
Rand by weight croupier select 12.000000 item weight 1.973059 times 357.000000
Rand by weight croupier select 13.000000 item weight 0.598902 times 114.000000
Rand by weight croupier select 14.000000 item weight 2.381540 times 497.000000
Rand by weight croupier select 15.000000 item weight 1.924940 times 377.000000
Rand by weight croupier select 16.000000 item weight 8.714142 times 1664.000000
Rand by weight croupier select 17.000000 item weight 2.026452 times 405.000000
Rand by weight croupier select 18.000000 item weight 2.996933 times 608.000000
Rand by weight croupier select 19.000000 item weight 1.292923 times 252.000000
Rand by weight croupier select 20.000000 item weight 1.588491 times 323.000000
Rand by weight croupier select 21.000000 item weight 5.491732 times 998.000000
Rand by weight croupier select 22.000000 item weight 6.689529 times 1244.000000
Rand by weight croupier select 23.000000 item weight 3.188449 times 603.000000
Rand by weight croupier select 24.000000 item weight 0.555034 times 111.000000
Rand by weight croupier select 25.000000 item weight 8.811014 times 1614.000000
Rand by weight croupier select 26.000000 item weight 1.591834 times 315.000000
Rand by weight croupier select 27.000000 item weight 8.821755 times 1589.000000
Rand by weight croupier select 28.000000 item weight 8.777662 times 1629.000000
Rand by weight croupier select 29.000000 item weight 8.108449 times 1521.000000
Rand by weight croupier select 30.000000 item weight 0.772200 times 154.000000
Rand by weight croupier select 31.000000 item weight 8.949201 times 1693.000000
Rand by weight croupier select 32.000000 item weight 0.200438 times 41.000000
Rand by weight croupier select 33.000000 item weight 7.630577 times 1421.000000
Rand by weight croupier select 34.000000 item weight 4.774327 times 880.000000
Rand by weight croupier select 35.000000 item weight 3.545145 times 653.000000
Rand by weight croupier select 36.000000 item weight 1.986782 times 380.000000
Rand by weight croupier select 37.000000 item weight 2.060694 times 419.000000
Rand by weight croupier select 38.000000 item weight 6.275550 times 1186.000000
Rand by weight croupier select 39.000000 item weight 7.992394 times 1490.000000
Rand by weight croupier select 40.000000 item weight 8.932327 times 1692.000000
Rand by weight croupier select 41.000000 item weight 8.630740 times 1515.000000
Rand by weight croupier select 42.000000 item weight 5.150325 times 1023.000000
Rand by weight croupier select 43.000000 item weight 9.148450 times 1632.000000
Rand by weight croupier select 44.000000 item weight 6.892735 times 1252.000000
Rand by weight croupier select 45.000000 item weight 4.150649 times 817.000000
Rand by weight croupier select 46.000000 item weight 8.563245 times 1555.000000
Rand by weight croupier select 47.000000 item weight 5.123319 times 908.000000
Rand by weight croupier select 48.000000 item weight 7.511968 times 1378.000000
Rand by weight croupier select 49.000000 item weight 7.709860 times 1430.000000
Rand by weight croupier select 50.000000 item weight 7.366323 times 1371.000000
Rand by weight croupier select 51.000000 item weight 5.895638 times 1108.000000
Rand by weight croupier select 52.000000 item weight 7.093093 times 1336.000000
Rand by weight croupier select 53.000000 item weight 3.252951 times 630.000000
Rand by weight croupier select 54.000000 item weight 7.038127 times 1245.000000
Rand by weight croupier select 55.000000 item weight 7.997428 times 1478.000000
Rand by weight croupier select 56.000000 item weight 8.322874 times 1502.000000
Rand by weight croupier select 57.000000 item weight 7.491126 times 1365.000000
Rand by weight croupier select 58.000000 item weight 8.677791 times 1584.000000
Rand by weight croupier select 59.000000 item weight 5.413755 times 1088.000000
Rand by weight croupier select 60.000000 item weight 4.743030 times 858.000000
Rand by weight croupier select 61.000000 item weight 7.683559 times 1468.000000
Rand by weight croupier select 62.000000 item weight 3.154772 times 647.000000
Rand by weight croupier select 63.000000 item weight 0.572116 times 110.000000
Rand by weight croupier select 64.000000 item weight 4.355188 times 864.000000
Rand by weight croupier select 65.000000 item weight 0.707346 times 133.000000
Rand by weight croupier select 66.000000 item weight 9.415651 times 1732.000000
Rand by weight croupier select 67.000000 item weight 3.837401 times 750.000000
Rand by weight croupier select 68.000000 item weight 0.553191 times 102.000000
Rand by weight croupier select 69.000000 item weight 9.532108 times 1761.000000
Rand by weight croupier select 70.000000 item weight 6.162142 times 1148.000000
Rand by weight croupier select 71.000000 item weight 7.281757 times 1364.000000
Rand by weight croupier select 72.000000 item weight 5.695564 times 1102.000000
Rand by weight croupier select 73.000000 item weight 5.725021 times 1076.000000
Rand by weight croupier select 74.000000 item weight 4.639874 times 844.000000
Rand by weight croupier select 75.000000 item weight 8.664735 times 1610.000000
Rand by weight croupier select 76.000000 item weight 5.062594 times 928.000000
Rand by weight croupier select 77.000000 item weight 6.934342 times 1295.000000
Rand by weight croupier select 78.000000 item weight 9.115403 times 1592.000000
Rand by weight croupier select 79.000000 item weight 4.537583 times 848.000000
Rand by weight croupier select 80.000000 item weight 6.686597 times 1290.000000
Rand by weight croupier select 81.000000 item weight 6.434261 times 1164.000000
Rand by weight croupier select 82.000000 item weight 0.769287 times 132.000000
Rand by weight croupier select 83.000000 item weight 7.176600 times 1272.000000
Rand by weight croupier select 84.000000 item weight 5.600611 times 1143.000000
Rand by weight croupier select 85.000000 item weight 7.761156 times 1421.000000
Rand by weight croupier select 86.000000 item weight 0.195977 times 37.000000
Rand by weight croupier select 87.000000 item weight 8.653942 times 1593.000000
Rand by weight croupier select 88.000000 item weight 9.419875 times 1777.000000
Rand by weight croupier select 89.000000 item weight 1.231113 times 251.000000
Rand by weight croupier select 90.000000 item weight 3.476630 times 692.000000
Rand by weight croupier select 91.000000 item weight 6.770319 times 1196.000000
Rand by weight croupier select 92.000000 item weight 5.852105 times 1119.000000
Rand by weight croupier select 93.000000 item weight 0.700841 times 128.000000
Rand by weight croupier select 94.000000 item weight 6.878876 times 1239.000000
Rand by weight croupier select 95.000000 item weight 1.802520 times 348.000000
Rand by weight croupier select 96.000000 item weight 1.726714 times 334.000000
Rand by weight croupier select 97.000000 item weight 8.318852 times 1553.000000
Rand by weight croupier select 98.000000 item weight 5.637936 times 1080.000000
Rand by weight croupier select 99.000000 item weight 0.059725 times 12.000000
]]></system-out>
  </testcase>
  <testcase name="testWeightBinary" classname="jaskell.croupier.CroupierTest" time="0.088">
    <system-out><![CDATA[Rand by weight croupier select 0 item weight 6 times 1341
Rand by weight croupier select 1 item weight 3 times 672
Rand by weight croupier select 2 item weight 4 times 891
Rand by weight croupier select 3 item weight 1 times 212
Rand by weight croupier select 4 item weight 6 times 1311
Rand by weight croupier select 5 item weight 2 times 452
Rand by weight croupier select 6 item weight 3 times 684
Rand by weight croupier select 7 item weight 6 times 1304
Rand by weight croupier select 8 item weight 3 times 722
Rand by weight croupier select 9 item weight 2 times 438
Rand by weight croupier select 10 item weight 5 times 1098
Rand by weight croupier select 11 item weight 4 times 897
Rand by weight croupier select 12 item weight 6 times 1288
Rand by weight croupier select 13 item weight 7 times 1525
Rand by weight croupier select 14 item weight 6 times 1294
Rand by weight croupier select 15 item weight 7 times 1474
Rand by weight croupier select 16 item weight 7 times 1580
Rand by weight croupier select 17 item weight 0 times 0
Rand by weight croupier select 18 item weight 2 times 506
Rand by weight croupier select 19 item weight 1 times 208
Rand by weight croupier select 20 item weight 7 times 1578
Rand by weight croupier select 21 item weight 0 times 0
Rand by weight croupier select 22 item weight 9 times 1936
Rand by weight croupier select 23 item weight 8 times 1732
Rand by weight croupier select 24 item weight 9 times 1877
Rand by weight croupier select 25 item weight 0 times 0
Rand by weight croupier select 26 item weight 0 times 0
Rand by weight croupier select 27 item weight 6 times 1402
Rand by weight croupier select 28 item weight 7 times 1489
Rand by weight croupier select 29 item weight 5 times 1112
Rand by weight croupier select 30 item weight 4 times 899
Rand by weight croupier select 31 item weight 9 times 1955
Rand by weight croupier select 32 item weight 3 times 670
Rand by weight croupier select 33 item weight 2 times 464
Rand by weight croupier select 34 item weight 4 times 916
Rand by weight croupier select 35 item weight 9 times 1918
Rand by weight croupier select 36 item weight 5 times 1166
Rand by weight croupier select 37 item weight 5 times 1176
Rand by weight croupier select 38 item weight 4 times 841
Rand by weight croupier select 39 item weight 9 times 1874
Rand by weight croupier select 40 item weight 4 times 889
Rand by weight croupier select 41 item weight 8 times 1807
Rand by weight croupier select 42 item weight 3 times 693
Rand by weight croupier select 43 item weight 8 times 1810
Rand by weight croupier select 44 item weight 6 times 1302
Rand by weight croupier select 45 item weight 0 times 0
Rand by weight croupier select 46 item weight 1 times 246
Rand by weight croupier select 47 item weight 6 times 1364
Rand by weight croupier select 48 item weight 7 times 1468
Rand by weight croupier select 49 item weight 1 times 241
Rand by weight croupier select 50 item weight 1 times 203
Rand by weight croupier select 51 item weight 2 times 497
Rand by weight croupier select 52 item weight 1 times 232
Rand by weight croupier select 53 item weight 4 times 874
Rand by weight croupier select 54 item weight 6 times 1277
Rand by weight croupier select 55 item weight 8 times 1716
Rand by weight croupier select 56 item weight 1 times 249
Rand by weight croupier select 57 item weight 7 times 1522
Rand by weight croupier select 58 item weight 3 times 673
Rand by weight croupier select 59 item weight 7 times 1530
Rand by weight croupier select 60 item weight 8 times 1700
Rand by weight croupier select 61 item weight 4 times 908
Rand by weight croupier select 62 item weight 6 times 1345
Rand by weight croupier select 63 item weight 3 times 693
Rand by weight croupier select 64 item weight 4 times 933
Rand by weight croupier select 65 item weight 6 times 1287
Rand by weight croupier select 66 item weight 2 times 477
Rand by weight croupier select 67 item weight 3 times 702
Rand by weight croupier select 68 item weight 6 times 1268
Rand by weight croupier select 69 item weight 2 times 488
Rand by weight croupier select 70 item weight 0 times 0
Rand by weight croupier select 71 item weight 2 times 465
Rand by weight croupier select 72 item weight 7 times 1543
Rand by weight croupier select 73 item weight 5 times 1083
Rand by weight croupier select 74 item weight 1 times 238
Rand by weight croupier select 75 item weight 2 times 446
Rand by weight croupier select 76 item weight 4 times 905
Rand by weight croupier select 77 item weight 2 times 417
Rand by weight croupier select 78 item weight 2 times 449
Rand by weight croupier select 79 item weight 8 times 1665
Rand by weight croupier select 80 item weight 9 times 1911
Rand by weight croupier select 81 item weight 7 times 1575
Rand by weight croupier select 82 item weight 3 times 702
Rand by weight croupier select 83 item weight 1 times 231
Rand by weight croupier select 84 item weight 0 times 0
Rand by weight croupier select 85 item weight 1 times 226
Rand by weight croupier select 86 item weight 5 times 1135
Rand by weight croupier select 87 item weight 9 times 1905
Rand by weight croupier select 88 item weight 6 times 1353
Rand by weight croupier select 89 item weight 4 times 859
Rand by weight croupier select 90 item weight 4 times 859
Rand by weight croupier select 91 item weight 7 times 1527
Rand by weight croupier select 92 item weight 9 times 1857
Rand by weight croupier select 93 item weight 5 times 1112
Rand by weight croupier select 94 item weight 3 times 685
Rand by weight croupier select 95 item weight 8 times 1751
Rand by weight croupier select 96 item weight 6 times 1271
Rand by weight croupier select 97 item weight 8 times 1728
Rand by weight croupier select 98 item weight 4 times 896
Rand by weight croupier select 99 item weight 9 times 1910
]]></system-out>
  </testcase>
  <testcase name="testWeightZipper" classname="jaskell.croupier.CroupierTest" time="1.837">
    <system-out><![CDATA[Rand by weight croupier select 0 item weight 1 times 17
Rand by weight croupier select 1 item weight 1 times 27
Rand by weight croupier select 2 item weight 2 times 44
Rand by weight croupier select 3 item weight 5 times 116
Rand by weight croupier select 4 item weight 2 times 60
Rand by weight croupier select 5 item weight 7 times 166
Rand by weight croupier select 6 item weight 5 times 112
Rand by weight croupier select 7 item weight 7 times 132
Rand by weight croupier select 8 item weight 6 times 139
Rand by weight croupier select 9 item weight 8 times 166
Rand by weight croupier select 10 item weight 2 times 45
Rand by weight croupier select 11 item weight 0 times 0
Rand by weight croupier select 12 item weight 5 times 97
Rand by weight croupier select 13 item weight 9 times 166
Rand by weight croupier select 14 item weight 2 times 44
Rand by weight croupier select 15 item weight 8 times 179
Rand by weight croupier select 16 item weight 7 times 146
Rand by weight croupier select 17 item weight 8 times 177
Rand by weight croupier select 18 item weight 4 times 96
Rand by weight croupier select 19 item weight 4 times 76
Rand by weight croupier select 20 item weight 5 times 109
Rand by weight croupier select 21 item weight 6 times 131
Rand by weight croupier select 22 item weight 2 times 38
Rand by weight croupier select 23 item weight 3 times 70
Rand by weight croupier select 24 item weight 1 times 24
Rand by weight croupier select 25 item weight 1 times 27
Rand by weight croupier select 26 item weight 7 times 160
Rand by weight croupier select 27 item weight 7 times 144
Rand by weight croupier select 28 item weight 8 times 190
Rand by weight croupier select 29 item weight 6 times 142
Rand by weight croupier select 30 item weight 8 times 195
Rand by weight croupier select 31 item weight 7 times 163
Rand by weight croupier select 32 item weight 2 times 40
Rand by weight croupier select 33 item weight 4 times 75
Rand by weight croupier select 34 item weight 1 times 22
Rand by weight croupier select 35 item weight 9 times 194
Rand by weight croupier select 36 item weight 8 times 178
Rand by weight croupier select 37 item weight 7 times 142
Rand by weight croupier select 38 item weight 2 times 37
Rand by weight croupier select 39 item weight 2 times 42
Rand by weight croupier select 40 item weight 2 times 47
Rand by weight croupier select 41 item weight 6 times 129
Rand by weight croupier select 42 item weight 0 times 0
Rand by weight croupier select 43 item weight 9 times 210
Rand by weight croupier select 44 item weight 8 times 176
Rand by weight croupier select 45 item weight 5 times 105
Rand by weight croupier select 46 item weight 1 times 22
Rand by weight croupier select 47 item weight 4 times 94
Rand by weight croupier select 48 item weight 3 times 68
Rand by weight croupier select 49 item weight 9 times 222
Rand by weight croupier select 50 item weight 6 times 120
Rand by weight croupier select 51 item weight 5 times 99
Rand by weight croupier select 52 item weight 0 times 0
Rand by weight croupier select 53 item weight 0 times 0
Rand by weight croupier select 54 item weight 0 times 0
Rand by weight croupier select 55 item weight 3 times 53
Rand by weight croupier select 56 item weight 6 times 111
Rand by weight croupier select 57 item weight 1 times 28
Rand by weight croupier select 58 item weight 3 times 74
Rand by weight croupier select 59 item weight 7 times 148
Rand by weight croupier select 60 item weight 3 times 76
Rand by weight croupier select 61 item weight 8 times 190
Rand by weight croupier select 62 item weight 3 times 77
Rand by weight croupier select 63 item weight 9 times 206
Rand by weight croupier select 64 item weight 7 times 159
Rand by weight croupier select 65 item weight 2 times 40
Rand by weight croupier select 66 item weight 2 times 55
Rand by weight croupier select 67 item weight 6 times 135
Rand by weight croupier select 68 item weight 5 times 111
Rand by weight croupier select 69 item weight 4 times 76
Rand by weight croupier select 70 item weight 3 times 70
Rand by weight croupier select 71 item weight 4 times 101
Rand by weight croupier select 72 item weight 3 times 73
Rand by weight croupier select 73 item weight 6 times 140
Rand by weight croupier select 74 item weight 6 times 130
Rand by weight croupier select 75 item weight 7 times 136
Rand by weight croupier select 76 item weight 1 times 17
Rand by weight croupier select 77 item weight 8 times 194
Rand by weight croupier select 78 item weight 1 times 25
Rand by weight croupier select 79 item weight 7 times 175
Rand by weight croupier select 80 item weight 6 times 110
Rand by weight croupier select 81 item weight 6 times 144
Rand by weight croupier select 82 item weight 9 times 187
Rand by weight croupier select 83 item weight 6 times 135
Rand by weight croupier select 84 item weight 9 times 210
Rand by weight croupier select 85 item weight 4 times 95
Rand by weight croupier select 86 item weight 1 times 16
Rand by weight croupier select 87 item weight 4 times 80
Rand by weight croupier select 88 item weight 0 times 0
Rand by weight croupier select 89 item weight 3 times 78
Rand by weight croupier select 90 item weight 5 times 105
Rand by weight croupier select 91 item weight 3 times 63
Rand by weight croupier select 92 item weight 8 times 198
Rand by weight croupier select 93 item weight 2 times 36
Rand by weight croupier select 94 item weight 1 times 18
Rand by weight croupier select 95 item weight 8 times 182
Rand by weight croupier select 96 item weight 8 times 164
Rand by weight croupier select 97 item weight 0 times 0
Rand by weight croupier select 98 item weight 2 times 46
Rand by weight croupier select 99 item weight 0 times 0
Rand by weight croupier select 100 item weight 9 times 215
Rand by weight croupier select 101 item weight 5 times 112
Rand by weight croupier select 102 item weight 6 times 143
Rand by weight croupier select 103 item weight 5 times 127
Rand by weight croupier select 104 item weight 8 times 176
Rand by weight croupier select 105 item weight 9 times 210
Rand by weight croupier select 106 item weight 8 times 181
Rand by weight croupier select 107 item weight 0 times 0
Rand by weight croupier select 108 item weight 6 times 138
Rand by weight croupier select 109 item weight 9 times 181
Rand by weight croupier select 110 item weight 7 times 170
Rand by weight croupier select 111 item weight 5 times 114
Rand by weight croupier select 112 item weight 7 times 147
Rand by weight croupier select 113 item weight 1 times 24
Rand by weight croupier select 114 item weight 2 times 52
Rand by weight croupier select 115 item weight 5 times 109
Rand by weight croupier select 116 item weight 2 times 43
Rand by weight croupier select 117 item weight 8 times 194
Rand by weight croupier select 118 item weight 2 times 34
Rand by weight croupier select 119 item weight 6 times 139
Rand by weight croupier select 120 item weight 8 times 179
Rand by weight croupier select 121 item weight 3 times 62
Rand by weight croupier select 122 item weight 1 times 23
Rand by weight croupier select 123 item weight 4 times 87
Rand by weight croupier select 124 item weight 1 times 21
Rand by weight croupier select 125 item weight 4 times 97
Rand by weight croupier select 126 item weight 1 times 22
Rand by weight croupier select 127 item weight 9 times 193
Rand by weight croupier select 128 item weight 2 times 50
Rand by weight croupier select 129 item weight 3 times 58
Rand by weight croupier select 130 item weight 5 times 115
Rand by weight croupier select 131 item weight 5 times 127
Rand by weight croupier select 132 item weight 8 times 178
Rand by weight croupier select 133 item weight 1 times 16
Rand by weight croupier select 134 item weight 0 times 0
Rand by weight croupier select 135 item weight 5 times 103
Rand by weight croupier select 136 item weight 8 times 175
Rand by weight croupier select 137 item weight 3 times 61
Rand by weight croupier select 138 item weight 4 times 96
Rand by weight croupier select 139 item weight 6 times 133
Rand by weight croupier select 140 item weight 2 times 36
Rand by weight croupier select 141 item weight 1 times 27
Rand by weight croupier select 142 item weight 8 times 189
Rand by weight croupier select 143 item weight 3 times 71
Rand by weight croupier select 144 item weight 0 times 0
Rand by weight croupier select 145 item weight 3 times 65
Rand by weight croupier select 146 item weight 5 times 108
Rand by weight croupier select 147 item weight 9 times 198
Rand by weight croupier select 148 item weight 3 times 82
Rand by weight croupier select 149 item weight 4 times 86
Rand by weight croupier select 150 item weight 0 times 0
Rand by weight croupier select 151 item weight 5 times 116
Rand by weight croupier select 152 item weight 0 times 0
Rand by weight croupier select 153 item weight 8 times 175
Rand by weight croupier select 154 item weight 4 times 102
Rand by weight croupier select 155 item weight 3 times 69
Rand by weight croupier select 156 item weight 1 times 20
Rand by weight croupier select 157 item weight 4 times 82
Rand by weight croupier select 158 item weight 0 times 0
Rand by weight croupier select 159 item weight 3 times 66
Rand by weight croupier select 160 item weight 6 times 137
Rand by weight croupier select 161 item weight 1 times 25
Rand by weight croupier select 162 item weight 2 times 45
Rand by weight croupier select 163 item weight 8 times 183
Rand by weight croupier select 164 item weight 0 times 0
Rand by weight croupier select 165 item weight 9 times 193
Rand by weight croupier select 166 item weight 2 times 49
Rand by weight croupier select 167 item weight 1 times 15
Rand by weight croupier select 168 item weight 9 times 200
Rand by weight croupier select 169 item weight 6 times 155
Rand by weight croupier select 170 item weight 1 times 21
Rand by weight croupier select 171 item weight 0 times 0
Rand by weight croupier select 172 item weight 1 times 24
Rand by weight croupier select 173 item weight 0 times 0
Rand by weight croupier select 174 item weight 8 times 169
Rand by weight croupier select 175 item weight 3 times 65
Rand by weight croupier select 176 item weight 2 times 36
Rand by weight croupier select 177 item weight 5 times 115
Rand by weight croupier select 178 item weight 2 times 39
Rand by weight croupier select 179 item weight 8 times 180
Rand by weight croupier select 180 item weight 7 times 136
Rand by weight croupier select 181 item weight 3 times 71
Rand by weight croupier select 182 item weight 5 times 112
Rand by weight croupier select 183 item weight 9 times 208
Rand by weight croupier select 184 item weight 8 times 184
Rand by weight croupier select 185 item weight 0 times 0
Rand by weight croupier select 186 item weight 0 times 0
Rand by weight croupier select 187 item weight 1 times 28
Rand by weight croupier select 188 item weight 4 times 89
Rand by weight croupier select 189 item weight 9 times 216
Rand by weight croupier select 190 item weight 9 times 182
Rand by weight croupier select 191 item weight 0 times 0
Rand by weight croupier select 192 item weight 2 times 36
Rand by weight croupier select 193 item weight 3 times 58
Rand by weight croupier select 194 item weight 6 times 142
Rand by weight croupier select 195 item weight 4 times 97
Rand by weight croupier select 196 item weight 2 times 46
Rand by weight croupier select 197 item weight 1 times 17
Rand by weight croupier select 198 item weight 5 times 130
Rand by weight croupier select 199 item weight 6 times 139
Rand by weight croupier select 200 item weight 8 times 173
Rand by weight croupier select 201 item weight 1 times 18
Rand by weight croupier select 202 item weight 7 times 173
Rand by weight croupier select 203 item weight 7 times 162
Rand by weight croupier select 204 item weight 3 times 66
Rand by weight croupier select 205 item weight 0 times 0
Rand by weight croupier select 206 item weight 8 times 158
Rand by weight croupier select 207 item weight 4 times 96
Rand by weight croupier select 208 item weight 6 times 125
Rand by weight croupier select 209 item weight 4 times 93
Rand by weight croupier select 210 item weight 3 times 65
Rand by weight croupier select 211 item weight 2 times 45
Rand by weight croupier select 212 item weight 9 times 191
Rand by weight croupier select 213 item weight 6 times 120
Rand by weight croupier select 214 item weight 2 times 35
Rand by weight croupier select 215 item weight 7 times 157
Rand by weight croupier select 216 item weight 0 times 0
Rand by weight croupier select 217 item weight 0 times 0
Rand by weight croupier select 218 item weight 5 times 104
Rand by weight croupier select 219 item weight 3 times 58
Rand by weight croupier select 220 item weight 8 times 204
Rand by weight croupier select 221 item weight 1 times 18
Rand by weight croupier select 222 item weight 9 times 202
Rand by weight croupier select 223 item weight 8 times 172
Rand by weight croupier select 224 item weight 9 times 189
Rand by weight croupier select 225 item weight 3 times 65
Rand by weight croupier select 226 item weight 8 times 188
Rand by weight croupier select 227 item weight 9 times 219
Rand by weight croupier select 228 item weight 8 times 186
Rand by weight croupier select 229 item weight 3 times 65
Rand by weight croupier select 230 item weight 0 times 0
Rand by weight croupier select 231 item weight 3 times 69
Rand by weight croupier select 232 item weight 6 times 144
Rand by weight croupier select 233 item weight 9 times 199
Rand by weight croupier select 234 item weight 0 times 0
Rand by weight croupier select 235 item weight 9 times 202
Rand by weight croupier select 236 item weight 1 times 19
Rand by weight croupier select 237 item weight 3 times 86
Rand by weight croupier select 238 item weight 7 times 162
Rand by weight croupier select 239 item weight 9 times 198
Rand by weight croupier select 240 item weight 8 times 163
Rand by weight croupier select 241 item weight 1 times 22
Rand by weight croupier select 242 item weight 0 times 0
Rand by weight croupier select 243 item weight 6 times 142
Rand by weight croupier select 244 item weight 4 times 89
Rand by weight croupier select 245 item weight 9 times 202
Rand by weight croupier select 246 item weight 8 times 180
Rand by weight croupier select 247 item weight 3 times 66
Rand by weight croupier select 248 item weight 1 times 15
Rand by weight croupier select 249 item weight 0 times 0
Rand by weight croupier select 250 item weight 3 times 63
Rand by weight croupier select 251 item weight 4 times 103
Rand by weight croupier select 252 item weight 8 times 187
Rand by weight croupier select 253 item weight 2 times 35
Rand by weight croupier select 254 item weight 6 times 137
Rand by weight croupier select 255 item weight 3 times 60
Rand by weight croupier select 256 item weight 2 times 40
Rand by weight croupier select 257 item weight 1 times 16
Rand by weight croupier select 258 item weight 1 times 29
Rand by weight croupier select 259 item weight 7 times 164
Rand by weight croupier select 260 item weight 3 times 69
Rand by weight croupier select 261 item weight 3 times 77
Rand by weight croupier select 262 item weight 1 times 18
Rand by weight croupier select 263 item weight 4 times 91
Rand by weight croupier select 264 item weight 4 times 90
Rand by weight croupier select 265 item weight 4 times 99
Rand by weight croupier select 266 item weight 0 times 0
Rand by weight croupier select 267 item weight 2 times 38
Rand by weight croupier select 268 item weight 1 times 24
Rand by weight croupier select 269 item weight 3 times 62
Rand by weight croupier select 270 item weight 4 times 87
Rand by weight croupier select 271 item weight 4 times 93
Rand by weight croupier select 272 item weight 5 times 129
Rand by weight croupier select 273 item weight 7 times 163
Rand by weight croupier select 274 item weight 5 times 121
Rand by weight croupier select 275 item weight 9 times 220
Rand by weight croupier select 276 item weight 0 times 0
Rand by weight croupier select 277 item weight 8 times 177
Rand by weight croupier select 278 item weight 2 times 42
Rand by weight croupier select 279 item weight 2 times 50
Rand by weight croupier select 280 item weight 2 times 37
Rand by weight croupier select 281 item weight 5 times 116
Rand by weight croupier select 282 item weight 6 times 143
Rand by weight croupier select 283 item weight 9 times 211
Rand by weight croupier select 284 item weight 9 times 196
Rand by weight croupier select 285 item weight 4 times 83
Rand by weight croupier select 286 item weight 3 times 58
Rand by weight croupier select 287 item weight 4 times 89
Rand by weight croupier select 288 item weight 9 times 213
Rand by weight croupier select 289 item weight 0 times 0
Rand by weight croupier select 290 item weight 9 times 219
Rand by weight croupier select 291 item weight 9 times 230
Rand by weight croupier select 292 item weight 1 times 26
Rand by weight croupier select 293 item weight 6 times 121
Rand by weight croupier select 294 item weight 9 times 186
Rand by weight croupier select 295 item weight 9 times 198
Rand by weight croupier select 296 item weight 8 times 171
Rand by weight croupier select 297 item weight 0 times 0
Rand by weight croupier select 298 item weight 9 times 188
Rand by weight croupier select 299 item weight 0 times 0
Rand by weight croupier select 300 item weight 5 times 125
Rand by weight croupier select 301 item weight 6 times 139
Rand by weight croupier select 302 item weight 4 times 84
Rand by weight croupier select 303 item weight 0 times 0
Rand by weight croupier select 304 item weight 0 times 0
Rand by weight croupier select 305 item weight 5 times 116
Rand by weight croupier select 306 item weight 5 times 100
Rand by weight croupier select 307 item weight 7 times 156
Rand by weight croupier select 308 item weight 8 times 173
Rand by weight croupier select 309 item weight 3 times 75
Rand by weight croupier select 310 item weight 3 times 58
Rand by weight croupier select 311 item weight 3 times 66
Rand by weight croupier select 312 item weight 4 times 81
Rand by weight croupier select 313 item weight 3 times 59
Rand by weight croupier select 314 item weight 4 times 108
Rand by weight croupier select 315 item weight 9 times 189
Rand by weight croupier select 316 item weight 8 times 167
Rand by weight croupier select 317 item weight 0 times 0
Rand by weight croupier select 318 item weight 2 times 39
Rand by weight croupier select 319 item weight 6 times 141
Rand by weight croupier select 320 item weight 3 times 60
Rand by weight croupier select 321 item weight 6 times 134
Rand by weight croupier select 322 item weight 7 times 163
Rand by weight croupier select 323 item weight 5 times 116
Rand by weight croupier select 324 item weight 2 times 54
Rand by weight croupier select 325 item weight 9 times 184
Rand by weight croupier select 326 item weight 4 times 81
Rand by weight croupier select 327 item weight 6 times 130
Rand by weight croupier select 328 item weight 2 times 54
Rand by weight croupier select 329 item weight 2 times 36
Rand by weight croupier select 330 item weight 7 times 151
Rand by weight croupier select 331 item weight 4 times 100
Rand by weight croupier select 332 item weight 4 times 85
Rand by weight croupier select 333 item weight 4 times 85
Rand by weight croupier select 334 item weight 9 times 187
Rand by weight croupier select 335 item weight 9 times 202
Rand by weight croupier select 336 item weight 1 times 27
Rand by weight croupier select 337 item weight 3 times 77
Rand by weight croupier select 338 item weight 0 times 0
Rand by weight croupier select 339 item weight 8 times 193
Rand by weight croupier select 340 item weight 3 times 47
Rand by weight croupier select 341 item weight 5 times 113
Rand by weight croupier select 342 item weight 3 times 66
Rand by weight croupier select 343 item weight 0 times 0
Rand by weight croupier select 344 item weight 7 times 149
Rand by weight croupier select 345 item weight 6 times 147
Rand by weight croupier select 346 item weight 2 times 38
Rand by weight croupier select 347 item weight 9 times 205
Rand by weight croupier select 348 item weight 3 times 71
Rand by weight croupier select 349 item weight 2 times 39
Rand by weight croupier select 350 item weight 3 times 77
Rand by weight croupier select 351 item weight 4 times 90
Rand by weight croupier select 352 item weight 7 times 171
Rand by weight croupier select 353 item weight 9 times 167
Rand by weight croupier select 354 item weight 3 times 75
Rand by weight croupier select 355 item weight 6 times 123
Rand by weight croupier select 356 item weight 9 times 202
Rand by weight croupier select 357 item weight 6 times 149
Rand by weight croupier select 358 item weight 4 times 76
Rand by weight croupier select 359 item weight 0 times 0
Rand by weight croupier select 360 item weight 6 times 129
Rand by weight croupier select 361 item weight 7 times 141
Rand by weight croupier select 362 item weight 9 times 187
Rand by weight croupier select 363 item weight 7 times 137
Rand by weight croupier select 364 item weight 6 times 131
Rand by weight croupier select 365 item weight 2 times 42
Rand by weight croupier select 366 item weight 6 times 125
Rand by weight croupier select 367 item weight 5 times 99
Rand by weight croupier select 368 item weight 9 times 187
Rand by weight croupier select 369 item weight 1 times 24
Rand by weight croupier select 370 item weight 6 times 114
Rand by weight croupier select 371 item weight 3 times 70
Rand by weight croupier select 372 item weight 9 times 220
Rand by weight croupier select 373 item weight 8 times 173
Rand by weight croupier select 374 item weight 1 times 30
Rand by weight croupier select 375 item weight 3 times 62
Rand by weight croupier select 376 item weight 0 times 0
Rand by weight croupier select 377 item weight 5 times 112
Rand by weight croupier select 378 item weight 4 times 99
Rand by weight croupier select 379 item weight 4 times 95
Rand by weight croupier select 380 item weight 1 times 21
Rand by weight croupier select 381 item weight 4 times 89
Rand by weight croupier select 382 item weight 0 times 0
Rand by weight croupier select 383 item weight 2 times 48
Rand by weight croupier select 384 item weight 1 times 27
Rand by weight croupier select 385 item weight 0 times 0
Rand by weight croupier select 386 item weight 5 times 131
Rand by weight croupier select 387 item weight 8 times 173
Rand by weight croupier select 388 item weight 0 times 0
Rand by weight croupier select 389 item weight 2 times 43
Rand by weight croupier select 390 item weight 9 times 186
Rand by weight croupier select 391 item weight 6 times 136
Rand by weight croupier select 392 item weight 9 times 193
Rand by weight croupier select 393 item weight 6 times 137
Rand by weight croupier select 394 item weight 9 times 219
Rand by weight croupier select 395 item weight 7 times 172
Rand by weight croupier select 396 item weight 5 times 120
Rand by weight croupier select 397 item weight 1 times 16
Rand by weight croupier select 398 item weight 0 times 0
Rand by weight croupier select 399 item weight 1 times 24
Rand by weight croupier select 400 item weight 1 times 21
Rand by weight croupier select 401 item weight 8 times 178
Rand by weight croupier select 402 item weight 5 times 103
Rand by weight croupier select 403 item weight 4 times 86
Rand by weight croupier select 404 item weight 4 times 96
Rand by weight croupier select 405 item weight 8 times 189
Rand by weight croupier select 406 item weight 8 times 169
Rand by weight croupier select 407 item weight 1 times 31
Rand by weight croupier select 408 item weight 2 times 45
Rand by weight croupier select 409 item weight 9 times 178
Rand by weight croupier select 410 item weight 4 times 93
Rand by weight croupier select 411 item weight 2 times 37
Rand by weight croupier select 412 item weight 1 times 18
Rand by weight croupier select 413 item weight 2 times 53
Rand by weight croupier select 414 item weight 7 times 148
Rand by weight croupier select 415 item weight 0 times 0
Rand by weight croupier select 416 item weight 0 times 0
Rand by weight croupier select 417 item weight 6 times 130
Rand by weight croupier select 418 item weight 7 times 131
Rand by weight croupier select 419 item weight 7 times 166
Rand by weight croupier select 420 item weight 7 times 169
Rand by weight croupier select 421 item weight 5 times 112
Rand by weight croupier select 422 item weight 5 times 110
Rand by weight croupier select 423 item weight 9 times 210
Rand by weight croupier select 424 item weight 9 times 192
Rand by weight croupier select 425 item weight 3 times 69
Rand by weight croupier select 426 item weight 1 times 30
Rand by weight croupier select 427 item weight 6 times 153
Rand by weight croupier select 428 item weight 7 times 154
Rand by weight croupier select 429 item weight 1 times 23
Rand by weight croupier select 430 item weight 2 times 49
Rand by weight croupier select 431 item weight 4 times 89
Rand by weight croupier select 432 item weight 5 times 109
Rand by weight croupier select 433 item weight 6 times 130
Rand by weight croupier select 434 item weight 9 times 236
Rand by weight croupier select 435 item weight 4 times 95
Rand by weight croupier select 436 item weight 4 times 88
Rand by weight croupier select 437 item weight 6 times 127
Rand by weight croupier select 438 item weight 5 times 112
Rand by weight croupier select 439 item weight 3 times 71
Rand by weight croupier select 440 item weight 1 times 19
Rand by weight croupier select 441 item weight 7 times 151
Rand by weight croupier select 442 item weight 8 times 174
Rand by weight croupier select 443 item weight 6 times 127
Rand by weight croupier select 444 item weight 9 times 204
Rand by weight croupier select 445 item weight 6 times 144
Rand by weight croupier select 446 item weight 3 times 71
Rand by weight croupier select 447 item weight 6 times 123
Rand by weight croupier select 448 item weight 9 times 210
Rand by weight croupier select 449 item weight 0 times 0
Rand by weight croupier select 450 item weight 8 times 178
Rand by weight croupier select 451 item weight 2 times 38
Rand by weight croupier select 452 item weight 4 times 100
Rand by weight croupier select 453 item weight 7 times 174
Rand by weight croupier select 454 item weight 7 times 169
Rand by weight croupier select 455 item weight 3 times 76
Rand by weight croupier select 456 item weight 6 times 125
Rand by weight croupier select 457 item weight 3 times 65
Rand by weight croupier select 458 item weight 0 times 0
Rand by weight croupier select 459 item weight 3 times 72
Rand by weight croupier select 460 item weight 3 times 63
Rand by weight croupier select 461 item weight 3 times 65
Rand by weight croupier select 462 item weight 3 times 75
Rand by weight croupier select 463 item weight 1 times 16
Rand by weight croupier select 464 item weight 0 times 0
Rand by weight croupier select 465 item weight 2 times 74
Rand by weight croupier select 466 item weight 9 times 195
Rand by weight croupier select 467 item weight 6 times 138
Rand by weight croupier select 468 item weight 7 times 169
Rand by weight croupier select 469 item weight 8 times 158
Rand by weight croupier select 470 item weight 1 times 23
Rand by weight croupier select 471 item weight 0 times 0
Rand by weight croupier select 472 item weight 2 times 40
Rand by weight croupier select 473 item weight 4 times 103
Rand by weight croupier select 474 item weight 8 times 183
Rand by weight croupier select 475 item weight 8 times 174
Rand by weight croupier select 476 item weight 7 times 164
Rand by weight croupier select 477 item weight 7 times 163
Rand by weight croupier select 478 item weight 8 times 166
Rand by weight croupier select 479 item weight 0 times 0
Rand by weight croupier select 480 item weight 0 times 0
Rand by weight croupier select 481 item weight 5 times 127
Rand by weight croupier select 482 item weight 2 times 55
Rand by weight croupier select 483 item weight 9 times 220
Rand by weight croupier select 484 item weight 2 times 45
Rand by weight croupier select 485 item weight 6 times 124
Rand by weight croupier select 486 item weight 3 times 57
Rand by weight croupier select 487 item weight 2 times 42
Rand by weight croupier select 488 item weight 3 times 68
Rand by weight croupier select 489 item weight 2 times 39
Rand by weight croupier select 490 item weight 7 times 180
Rand by weight croupier select 491 item weight 6 times 122
Rand by weight croupier select 492 item weight 9 times 216
Rand by weight croupier select 493 item weight 1 times 25
Rand by weight croupier select 494 item weight 6 times 127
Rand by weight croupier select 495 item weight 6 times 124
Rand by weight croupier select 496 item weight 5 times 122
Rand by weight croupier select 497 item weight 2 times 56
Rand by weight croupier select 498 item weight 5 times 106
Rand by weight croupier select 499 item weight 5 times 104
Rand by weight croupier select 500 item weight 6 times 124
Rand by weight croupier select 501 item weight 5 times 115
Rand by weight croupier select 502 item weight 3 times 77
Rand by weight croupier select 503 item weight 2 times 39
Rand by weight croupier select 504 item weight 6 times 125
Rand by weight croupier select 505 item weight 1 times 22
Rand by weight croupier select 506 item weight 7 times 142
Rand by weight croupier select 507 item weight 0 times 0
Rand by weight croupier select 508 item weight 7 times 180
Rand by weight croupier select 509 item weight 3 times 76
Rand by weight croupier select 510 item weight 9 times 230
Rand by weight croupier select 511 item weight 8 times 183
Rand by weight croupier select 512 item weight 4 times 96
Rand by weight croupier select 513 item weight 4 times 90
Rand by weight croupier select 514 item weight 0 times 0
Rand by weight croupier select 515 item weight 7 times 171
Rand by weight croupier select 516 item weight 5 times 111
Rand by weight croupier select 517 item weight 5 times 125
Rand by weight croupier select 518 item weight 7 times 152
Rand by weight croupier select 519 item weight 0 times 0
Rand by weight croupier select 520 item weight 0 times 0
Rand by weight croupier select 521 item weight 9 times 241
Rand by weight croupier select 522 item weight 4 times 87
Rand by weight croupier select 523 item weight 7 times 169
Rand by weight croupier select 524 item weight 5 times 110
Rand by weight croupier select 525 item weight 2 times 42
Rand by weight croupier select 526 item weight 4 times 97
Rand by weight croupier select 527 item weight 9 times 201
Rand by weight croupier select 528 item weight 0 times 0
Rand by weight croupier select 529 item weight 3 times 67
Rand by weight croupier select 530 item weight 7 times 173
Rand by weight croupier select 531 item weight 6 times 119
Rand by weight croupier select 532 item weight 6 times 151
Rand by weight croupier select 533 item weight 7 times 150
Rand by weight croupier select 534 item weight 5 times 107
Rand by weight croupier select 535 item weight 9 times 209
Rand by weight croupier select 536 item weight 3 times 63
Rand by weight croupier select 537 item weight 1 times 24
Rand by weight croupier select 538 item weight 1 times 17
Rand by weight croupier select 539 item weight 3 times 82
Rand by weight croupier select 540 item weight 3 times 70
Rand by weight croupier select 541 item weight 9 times 196
Rand by weight croupier select 542 item weight 9 times 190
Rand by weight croupier select 543 item weight 3 times 66
Rand by weight croupier select 544 item weight 6 times 132
Rand by weight croupier select 545 item weight 0 times 0
Rand by weight croupier select 546 item weight 1 times 19
Rand by weight croupier select 547 item weight 1 times 27
Rand by weight croupier select 548 item weight 3 times 64
Rand by weight croupier select 549 item weight 6 times 132
Rand by weight croupier select 550 item weight 7 times 174
Rand by weight croupier select 551 item weight 9 times 163
Rand by weight croupier select 552 item weight 1 times 23
Rand by weight croupier select 553 item weight 8 times 184
Rand by weight croupier select 554 item weight 6 times 144
Rand by weight croupier select 555 item weight 9 times 184
Rand by weight croupier select 556 item weight 8 times 182
Rand by weight croupier select 557 item weight 4 times 85
Rand by weight croupier select 558 item weight 9 times 241
Rand by weight croupier select 559 item weight 1 times 22
Rand by weight croupier select 560 item weight 2 times 56
Rand by weight croupier select 561 item weight 1 times 24
Rand by weight croupier select 562 item weight 3 times 77
Rand by weight croupier select 563 item weight 6 times 141
Rand by weight croupier select 564 item weight 1 times 26
Rand by weight croupier select 565 item weight 4 times 83
Rand by weight croupier select 566 item weight 2 times 56
Rand by weight croupier select 567 item weight 4 times 88
Rand by weight croupier select 568 item weight 6 times 154
Rand by weight croupier select 569 item weight 0 times 0
Rand by weight croupier select 570 item weight 0 times 0
Rand by weight croupier select 571 item weight 1 times 21
Rand by weight croupier select 572 item weight 4 times 85
Rand by weight croupier select 573 item weight 2 times 45
Rand by weight croupier select 574 item weight 8 times 159
Rand by weight croupier select 575 item weight 5 times 107
Rand by weight croupier select 576 item weight 4 times 75
Rand by weight croupier select 577 item weight 0 times 0
Rand by weight croupier select 578 item weight 8 times 193
Rand by weight croupier select 579 item weight 7 times 144
Rand by weight croupier select 580 item weight 1 times 20
Rand by weight croupier select 581 item weight 6 times 141
Rand by weight croupier select 582 item weight 6 times 122
Rand by weight croupier select 583 item weight 3 times 66
Rand by weight croupier select 584 item weight 4 times 99
Rand by weight croupier select 585 item weight 8 times 183
Rand by weight croupier select 586 item weight 3 times 64
Rand by weight croupier select 587 item weight 3 times 67
Rand by weight croupier select 588 item weight 0 times 0
Rand by weight croupier select 589 item weight 0 times 0
Rand by weight croupier select 590 item weight 4 times 78
Rand by weight croupier select 591 item weight 9 times 225
Rand by weight croupier select 592 item weight 0 times 0
Rand by weight croupier select 593 item weight 3 times 58
Rand by weight croupier select 594 item weight 5 times 108
Rand by weight croupier select 595 item weight 0 times 0
Rand by weight croupier select 596 item weight 6 times 130
Rand by weight croupier select 597 item weight 6 times 149
Rand by weight croupier select 598 item weight 3 times 65
Rand by weight croupier select 599 item weight 8 times 183
Rand by weight croupier select 600 item weight 8 times 161
Rand by weight croupier select 601 item weight 6 times 126
Rand by weight croupier select 602 item weight 4 times 88
Rand by weight croupier select 603 item weight 5 times 122
Rand by weight croupier select 604 item weight 4 times 84
Rand by weight croupier select 605 item weight 6 times 121
Rand by weight croupier select 606 item weight 1 times 29
Rand by weight croupier select 607 item weight 1 times 20
Rand by weight croupier select 608 item weight 5 times 113
Rand by weight croupier select 609 item weight 9 times 196
Rand by weight croupier select 610 item weight 0 times 0
Rand by weight croupier select 611 item weight 9 times 191
Rand by weight croupier select 612 item weight 7 times 154
Rand by weight croupier select 613 item weight 7 times 162
Rand by weight croupier select 614 item weight 4 times 82
Rand by weight croupier select 615 item weight 9 times 198
Rand by weight croupier select 616 item weight 6 times 125
Rand by weight croupier select 617 item weight 6 times 136
Rand by weight croupier select 618 item weight 1 times 17
Rand by weight croupier select 619 item weight 5 times 114
Rand by weight croupier select 620 item weight 7 times 163
Rand by weight croupier select 621 item weight 2 times 39
Rand by weight croupier select 622 item weight 0 times 0
Rand by weight croupier select 623 item weight 2 times 48
Rand by weight croupier select 624 item weight 5 times 105
Rand by weight croupier select 625 item weight 4 times 85
Rand by weight croupier select 626 item weight 5 times 117
Rand by weight croupier select 627 item weight 9 times 207
Rand by weight croupier select 628 item weight 0 times 0
Rand by weight croupier select 629 item weight 3 times 73
Rand by weight croupier select 630 item weight 7 times 156
Rand by weight croupier select 631 item weight 9 times 190
Rand by weight croupier select 632 item weight 0 times 0
Rand by weight croupier select 633 item weight 4 times 81
Rand by weight croupier select 634 item weight 9 times 183
Rand by weight croupier select 635 item weight 2 times 49
Rand by weight croupier select 636 item weight 8 times 202
Rand by weight croupier select 637 item weight 0 times 0
Rand by weight croupier select 638 item weight 6 times 141
Rand by weight croupier select 639 item weight 6 times 154
Rand by weight croupier select 640 item weight 6 times 139
Rand by weight croupier select 641 item weight 1 times 23
Rand by weight croupier select 642 item weight 7 times 174
Rand by weight croupier select 643 item weight 9 times 197
Rand by weight croupier select 644 item weight 8 times 202
Rand by weight croupier select 645 item weight 9 times 191
Rand by weight croupier select 646 item weight 8 times 177
Rand by weight croupier select 647 item weight 5 times 110
Rand by weight croupier select 648 item weight 8 times 209
Rand by weight croupier select 649 item weight 7 times 134
Rand by weight croupier select 650 item weight 3 times 70
Rand by weight croupier select 651 item weight 7 times 147
Rand by weight croupier select 652 item weight 8 times 155
Rand by weight croupier select 653 item weight 4 times 107
Rand by weight croupier select 654 item weight 5 times 128
Rand by weight croupier select 655 item weight 2 times 42
Rand by weight croupier select 656 item weight 3 times 66
Rand by weight croupier select 657 item weight 9 times 190
Rand by weight croupier select 658 item weight 0 times 0
Rand by weight croupier select 659 item weight 0 times 0
Rand by weight croupier select 660 item weight 4 times 101
Rand by weight croupier select 661 item weight 3 times 57
Rand by weight croupier select 662 item weight 5 times 124
Rand by weight croupier select 663 item weight 9 times 205
Rand by weight croupier select 664 item weight 4 times 97
Rand by weight croupier select 665 item weight 1 times 23
Rand by weight croupier select 666 item weight 7 times 162
Rand by weight croupier select 667 item weight 9 times 214
Rand by weight croupier select 668 item weight 2 times 32
Rand by weight croupier select 669 item weight 1 times 24
Rand by weight croupier select 670 item weight 9 times 207
Rand by weight croupier select 671 item weight 6 times 121
Rand by weight croupier select 672 item weight 2 times 49
Rand by weight croupier select 673 item weight 3 times 75
Rand by weight croupier select 674 item weight 0 times 0
Rand by weight croupier select 675 item weight 0 times 0
Rand by weight croupier select 676 item weight 4 times 93
Rand by weight croupier select 677 item weight 7 times 163
Rand by weight croupier select 678 item weight 9 times 222
Rand by weight croupier select 679 item weight 4 times 98
Rand by weight croupier select 680 item weight 9 times 186
Rand by weight croupier select 681 item weight 8 times 193
Rand by weight croupier select 682 item weight 3 times 67
Rand by weight croupier select 683 item weight 8 times 173
Rand by weight croupier select 684 item weight 5 times 122
Rand by weight croupier select 685 item weight 2 times 47
Rand by weight croupier select 686 item weight 4 times 63
Rand by weight croupier select 687 item weight 3 times 68
Rand by weight croupier select 688 item weight 1 times 20
Rand by weight croupier select 689 item weight 1 times 21
Rand by weight croupier select 690 item weight 2 times 56
Rand by weight croupier select 691 item weight 5 times 122
Rand by weight croupier select 692 item weight 6 times 137
Rand by weight croupier select 693 item weight 2 times 51
Rand by weight croupier select 694 item weight 9 times 197
Rand by weight croupier select 695 item weight 8 times 179
Rand by weight croupier select 696 item weight 4 times 100
Rand by weight croupier select 697 item weight 4 times 85
Rand by weight croupier select 698 item weight 9 times 236
Rand by weight croupier select 699 item weight 7 times 144
Rand by weight croupier select 700 item weight 0 times 0
Rand by weight croupier select 701 item weight 7 times 151
Rand by weight croupier select 702 item weight 6 times 135
Rand by weight croupier select 703 item weight 0 times 0
Rand by weight croupier select 704 item weight 7 times 159
Rand by weight croupier select 705 item weight 9 times 193
Rand by weight croupier select 706 item weight 1 times 28
Rand by weight croupier select 707 item weight 5 times 129
Rand by weight croupier select 708 item weight 5 times 114
Rand by weight croupier select 709 item weight 7 times 136
Rand by weight croupier select 710 item weight 6 times 137
Rand by weight croupier select 711 item weight 3 times 64
Rand by weight croupier select 712 item weight 9 times 200
Rand by weight croupier select 713 item weight 4 times 88
Rand by weight croupier select 714 item weight 8 times 166
Rand by weight croupier select 715 item weight 6 times 129
Rand by weight croupier select 716 item weight 0 times 0
Rand by weight croupier select 717 item weight 6 times 144
Rand by weight croupier select 718 item weight 4 times 91
Rand by weight croupier select 719 item weight 8 times 155
Rand by weight croupier select 720 item weight 8 times 173
Rand by weight croupier select 721 item weight 9 times 212
Rand by weight croupier select 722 item weight 3 times 60
Rand by weight croupier select 723 item weight 3 times 67
Rand by weight croupier select 724 item weight 0 times 0
Rand by weight croupier select 725 item weight 0 times 0
Rand by weight croupier select 726 item weight 4 times 82
Rand by weight croupier select 727 item weight 2 times 56
Rand by weight croupier select 728 item weight 4 times 90
Rand by weight croupier select 729 item weight 3 times 72
Rand by weight croupier select 730 item weight 9 times 208
Rand by weight croupier select 731 item weight 3 times 72
Rand by weight croupier select 732 item weight 5 times 118
Rand by weight croupier select 733 item weight 0 times 0
Rand by weight croupier select 734 item weight 9 times 181
Rand by weight croupier select 735 item weight 2 times 47
Rand by weight croupier select 736 item weight 6 times 132
Rand by weight croupier select 737 item weight 2 times 44
Rand by weight croupier select 738 item weight 8 times 163
Rand by weight croupier select 739 item weight 0 times 0
Rand by weight croupier select 740 item weight 7 times 147
Rand by weight croupier select 741 item weight 0 times 0
Rand by weight croupier select 742 item weight 6 times 136
Rand by weight croupier select 743 item weight 0 times 0
Rand by weight croupier select 744 item weight 5 times 91
Rand by weight croupier select 745 item weight 6 times 156
Rand by weight croupier select 746 item weight 1 times 24
Rand by weight croupier select 747 item weight 8 times 191
Rand by weight croupier select 748 item weight 2 times 42
Rand by weight croupier select 749 item weight 4 times 77
Rand by weight croupier select 750 item weight 8 times 181
Rand by weight croupier select 751 item weight 2 times 55
Rand by weight croupier select 752 item weight 8 times 163
Rand by weight croupier select 753 item weight 0 times 0
Rand by weight croupier select 754 item weight 5 times 93
Rand by weight croupier select 755 item weight 9 times 193
Rand by weight croupier select 756 item weight 4 times 80
Rand by weight croupier select 757 item weight 2 times 50
Rand by weight croupier select 758 item weight 9 times 186
Rand by weight croupier select 759 item weight 3 times 78
Rand by weight croupier select 760 item weight 1 times 34
Rand by weight croupier select 761 item weight 7 times 158
Rand by weight croupier select 762 item weight 1 times 16
Rand by weight croupier select 763 item weight 3 times 62
Rand by weight croupier select 764 item weight 1 times 25
Rand by weight croupier select 765 item weight 0 times 0
Rand by weight croupier select 766 item weight 7 times 133
Rand by weight croupier select 767 item weight 0 times 0
Rand by weight croupier select 768 item weight 2 times 39
Rand by weight croupier select 769 item weight 0 times 0
Rand by weight croupier select 770 item weight 0 times 0
Rand by weight croupier select 771 item weight 3 times 53
Rand by weight croupier select 772 item weight 2 times 45
Rand by weight croupier select 773 item weight 6 times 123
Rand by weight croupier select 774 item weight 1 times 24
Rand by weight croupier select 775 item weight 8 times 179
Rand by weight croupier select 776 item weight 2 times 39
Rand by weight croupier select 777 item weight 9 times 209
Rand by weight croupier select 778 item weight 3 times 71
Rand by weight croupier select 779 item weight 9 times 200
Rand by weight croupier select 780 item weight 9 times 206
Rand by weight croupier select 781 item weight 2 times 42
Rand by weight croupier select 782 item weight 7 times 162
Rand by weight croupier select 783 item weight 9 times 198
Rand by weight croupier select 784 item weight 4 times 106
Rand by weight croupier select 785 item weight 1 times 25
Rand by weight croupier select 786 item weight 4 times 88
Rand by weight croupier select 787 item weight 4 times 69
Rand by weight croupier select 788 item weight 3 times 67
Rand by weight croupier select 789 item weight 6 times 126
Rand by weight croupier select 790 item weight 5 times 130
Rand by weight croupier select 791 item weight 4 times 79
Rand by weight croupier select 792 item weight 9 times 206
Rand by weight croupier select 793 item weight 9 times 200
Rand by weight croupier select 794 item weight 9 times 203
Rand by weight croupier select 795 item weight 1 times 18
Rand by weight croupier select 796 item weight 0 times 0
Rand by weight croupier select 797 item weight 9 times 205
Rand by weight croupier select 798 item weight 0 times 0
Rand by weight croupier select 799 item weight 0 times 0
Rand by weight croupier select 800 item weight 5 times 118
Rand by weight croupier select 801 item weight 0 times 0
Rand by weight croupier select 802 item weight 5 times 122
Rand by weight croupier select 803 item weight 4 times 94
Rand by weight croupier select 804 item weight 3 times 59
Rand by weight croupier select 805 item weight 3 times 77
Rand by weight croupier select 806 item weight 0 times 0
Rand by weight croupier select 807 item weight 9 times 184
Rand by weight croupier select 808 item weight 6 times 130
Rand by weight croupier select 809 item weight 2 times 44
Rand by weight croupier select 810 item weight 9 times 187
Rand by weight croupier select 811 item weight 6 times 117
Rand by weight croupier select 812 item weight 7 times 154
Rand by weight croupier select 813 item weight 0 times 0
Rand by weight croupier select 814 item weight 4 times 87
Rand by weight croupier select 815 item weight 7 times 154
Rand by weight croupier select 816 item weight 0 times 0
Rand by weight croupier select 817 item weight 3 times 74
Rand by weight croupier select 818 item weight 1 times 24
Rand by weight croupier select 819 item weight 8 times 161
Rand by weight croupier select 820 item weight 5 times 106
Rand by weight croupier select 821 item weight 5 times 119
Rand by weight croupier select 822 item weight 1 times 27
Rand by weight croupier select 823 item weight 0 times 0
Rand by weight croupier select 824 item weight 6 times 139
Rand by weight croupier select 825 item weight 0 times 0
Rand by weight croupier select 826 item weight 1 times 27
Rand by weight croupier select 827 item weight 7 times 156
Rand by weight croupier select 828 item weight 8 times 192
Rand by weight croupier select 829 item weight 6 times 144
Rand by weight croupier select 830 item weight 1 times 24
Rand by weight croupier select 831 item weight 0 times 0
Rand by weight croupier select 832 item weight 4 times 71
Rand by weight croupier select 833 item weight 7 times 159
Rand by weight croupier select 834 item weight 6 times 138
Rand by weight croupier select 835 item weight 2 times 48
Rand by weight croupier select 836 item weight 6 times 117
Rand by weight croupier select 837 item weight 7 times 183
Rand by weight croupier select 838 item weight 7 times 140
Rand by weight croupier select 839 item weight 7 times 157
Rand by weight croupier select 840 item weight 3 times 62
Rand by weight croupier select 841 item weight 2 times 51
Rand by weight croupier select 842 item weight 9 times 186
Rand by weight croupier select 843 item weight 2 times 46
Rand by weight croupier select 844 item weight 2 times 52
Rand by weight croupier select 845 item weight 6 times 121
Rand by weight croupier select 846 item weight 4 times 99
Rand by weight croupier select 847 item weight 7 times 163
Rand by weight croupier select 848 item weight 5 times 114
Rand by weight croupier select 849 item weight 7 times 167
Rand by weight croupier select 850 item weight 0 times 0
Rand by weight croupier select 851 item weight 1 times 26
Rand by weight croupier select 852 item weight 4 times 106
Rand by weight croupier select 853 item weight 3 times 69
Rand by weight croupier select 854 item weight 3 times 68
Rand by weight croupier select 855 item weight 1 times 20
Rand by weight croupier select 856 item weight 7 times 172
Rand by weight croupier select 857 item weight 2 times 46
Rand by weight croupier select 858 item weight 6 times 127
Rand by weight croupier select 859 item weight 7 times 155
Rand by weight croupier select 860 item weight 7 times 138
Rand by weight croupier select 861 item weight 4 times 88
Rand by weight croupier select 862 item weight 3 times 57
Rand by weight croupier select 863 item weight 2 times 50
Rand by weight croupier select 864 item weight 6 times 145
Rand by weight croupier select 865 item weight 8 times 183
Rand by weight croupier select 866 item weight 6 times 133
Rand by weight croupier select 867 item weight 8 times 192
Rand by weight croupier select 868 item weight 0 times 0
Rand by weight croupier select 869 item weight 3 times 77
Rand by weight croupier select 870 item weight 6 times 134
Rand by weight croupier select 871 item weight 0 times 0
Rand by weight croupier select 872 item weight 4 times 77
Rand by weight croupier select 873 item weight 8 times 178
Rand by weight croupier select 874 item weight 8 times 166
Rand by weight croupier select 875 item weight 8 times 182
Rand by weight croupier select 876 item weight 5 times 110
Rand by weight croupier select 877 item weight 4 times 97
Rand by weight croupier select 878 item weight 3 times 61
Rand by weight croupier select 879 item weight 8 times 169
Rand by weight croupier select 880 item weight 9 times 180
Rand by weight croupier select 881 item weight 0 times 0
Rand by weight croupier select 882 item weight 1 times 16
Rand by weight croupier select 883 item weight 5 times 131
Rand by weight croupier select 884 item weight 5 times 110
Rand by weight croupier select 885 item weight 8 times 169
Rand by weight croupier select 886 item weight 4 times 97
Rand by weight croupier select 887 item weight 1 times 16
Rand by weight croupier select 888 item weight 1 times 15
Rand by weight croupier select 889 item weight 3 times 66
Rand by weight croupier select 890 item weight 0 times 0
Rand by weight croupier select 891 item weight 9 times 215
Rand by weight croupier select 892 item weight 2 times 46
Rand by weight croupier select 893 item weight 3 times 69
Rand by weight croupier select 894 item weight 3 times 67
Rand by weight croupier select 895 item weight 5 times 107
Rand by weight croupier select 896 item weight 2 times 46
Rand by weight croupier select 897 item weight 2 times 44
Rand by weight croupier select 898 item weight 7 times 125
Rand by weight croupier select 899 item weight 2 times 44
Rand by weight croupier select 900 item weight 5 times 130
Rand by weight croupier select 901 item weight 5 times 115
Rand by weight croupier select 902 item weight 5 times 120
Rand by weight croupier select 903 item weight 0 times 0
Rand by weight croupier select 904 item weight 7 times 148
Rand by weight croupier select 905 item weight 0 times 0
Rand by weight croupier select 906 item weight 2 times 48
Rand by weight croupier select 907 item weight 8 times 175
Rand by weight croupier select 908 item weight 3 times 75
Rand by weight croupier select 909 item weight 4 times 87
Rand by weight croupier select 910 item weight 6 times 123
Rand by weight croupier select 911 item weight 6 times 135
Rand by weight croupier select 912 item weight 2 times 42
Rand by weight croupier select 913 item weight 2 times 41
Rand by weight croupier select 914 item weight 8 times 168
Rand by weight croupier select 915 item weight 0 times 0
Rand by weight croupier select 916 item weight 4 times 74
Rand by weight croupier select 917 item weight 5 times 119
Rand by weight croupier select 918 item weight 9 times 197
Rand by weight croupier select 919 item weight 6 times 133
Rand by weight croupier select 920 item weight 5 times 129
Rand by weight croupier select 921 item weight 4 times 99
Rand by weight croupier select 922 item weight 1 times 31
Rand by weight croupier select 923 item weight 7 times 143
Rand by weight croupier select 924 item weight 8 times 205
Rand by weight croupier select 925 item weight 6 times 143
Rand by weight croupier select 926 item weight 0 times 0
Rand by weight croupier select 927 item weight 2 times 47
Rand by weight croupier select 928 item weight 4 times 97
Rand by weight croupier select 929 item weight 8 times 169
Rand by weight croupier select 930 item weight 7 times 143
Rand by weight croupier select 931 item weight 5 times 108
Rand by weight croupier select 932 item weight 7 times 157
Rand by weight croupier select 933 item weight 0 times 0
Rand by weight croupier select 934 item weight 7 times 164
Rand by weight croupier select 935 item weight 7 times 153
Rand by weight croupier select 936 item weight 0 times 0
Rand by weight croupier select 937 item weight 7 times 164
Rand by weight croupier select 938 item weight 9 times 171
Rand by weight croupier select 939 item weight 4 times 99
Rand by weight croupier select 940 item weight 9 times 209
Rand by weight croupier select 941 item weight 1 times 25
Rand by weight croupier select 942 item weight 6 times 137
Rand by weight croupier select 943 item weight 2 times 46
Rand by weight croupier select 944 item weight 8 times 156
Rand by weight croupier select 945 item weight 8 times 175
Rand by weight croupier select 946 item weight 1 times 25
Rand by weight croupier select 947 item weight 1 times 20
Rand by weight croupier select 948 item weight 3 times 90
Rand by weight croupier select 949 item weight 2 times 49
Rand by weight croupier select 950 item weight 9 times 189
Rand by weight croupier select 951 item weight 0 times 0
Rand by weight croupier select 952 item weight 0 times 0
Rand by weight croupier select 953 item weight 8 times 180
Rand by weight croupier select 954 item weight 5 times 113
Rand by weight croupier select 955 item weight 0 times 0
Rand by weight croupier select 956 item weight 5 times 117
Rand by weight croupier select 957 item weight 2 times 32
Rand by weight croupier select 958 item weight 4 times 95
Rand by weight croupier select 959 item weight 0 times 0
Rand by weight croupier select 960 item weight 0 times 0
Rand by weight croupier select 961 item weight 1 times 19
Rand by weight croupier select 962 item weight 3 times 62
Rand by weight croupier select 963 item weight 9 times 202
Rand by weight croupier select 964 item weight 5 times 114
Rand by weight croupier select 965 item weight 9 times 185
Rand by weight croupier select 966 item weight 2 times 53
Rand by weight croupier select 967 item weight 8 times 210
Rand by weight croupier select 968 item weight 1 times 26
Rand by weight croupier select 969 item weight 5 times 124
Rand by weight croupier select 970 item weight 9 times 204
Rand by weight croupier select 971 item weight 6 times 181
Rand by weight croupier select 972 item weight 5 times 82
Rand by weight croupier select 973 item weight 9 times 183
Rand by weight croupier select 974 item weight 8 times 175
Rand by weight croupier select 975 item weight 9 times 202
Rand by weight croupier select 976 item weight 6 times 150
Rand by weight croupier select 977 item weight 2 times 46
Rand by weight croupier select 978 item weight 3 times 80
Rand by weight croupier select 979 item weight 8 times 189
Rand by weight croupier select 980 item weight 5 times 103
Rand by weight croupier select 981 item weight 8 times 164
Rand by weight croupier select 982 item weight 7 times 151
Rand by weight croupier select 983 item weight 5 times 100
Rand by weight croupier select 984 item weight 6 times 144
Rand by weight croupier select 985 item weight 4 times 91
Rand by weight croupier select 986 item weight 2 times 45
Rand by weight croupier select 987 item weight 4 times 85
Rand by weight croupier select 988 item weight 1 times 26
Rand by weight croupier select 989 item weight 5 times 105
Rand by weight croupier select 990 item weight 0 times 0
Rand by weight croupier select 991 item weight 1 times 39
Rand by weight croupier select 992 item weight 7 times 142
Rand by weight croupier select 993 item weight 8 times 185
Rand by weight croupier select 994 item weight 9 times 222
Rand by weight croupier select 995 item weight 8 times 186
Rand by weight croupier select 996 item weight 1 times 30
Rand by weight croupier select 997 item weight 6 times 127
Rand by weight croupier select 998 item weight 8 times 175
Rand by weight croupier select 999 item weight 8 times 177
]]></system-out>
  </testcase>
  <testcase name="testDamping" classname="jaskell.croupier.CroupierTest" time="0.021">
    <system-out><![CDATA[damping croupier select 0 times 28751
damping croupier select 1 times 17086
damping croupier select 2 times 11956
damping croupier select 3 times 9316
damping croupier select 4 times 7708
damping croupier select 5 times 6401
damping croupier select 6 times 5659
damping croupier select 7 times 4823
damping croupier select 8 times 4405
damping croupier select 9 times 3895
]]></system-out>
  </testcase>
  <testcase name="testInvert" classname="jaskell.croupier.CroupierTest" time="0.021">
    <system-out><![CDATA[invert croupier select 0 times 3999
invert croupier select 1 times 4297
invert croupier select 2 times 4961
invert croupier select 3 times 5585
invert croupier select 4 times 6422
invert croupier select 5 times 7668
invert croupier select 6 times 9288
invert croupier select 7 times 11982
invert croupier select 8 times 16934
invert croupier select 9 times 28864
]]></system-out>
  </testcase>
  <testcase name="testWeight" classname="jaskell.croupier.CroupierTest" time="0.074">
    <system-out><![CDATA[Rand by weight croupier select 0 item weight 9 times 2025
Rand by weight croupier select 1 item weight 9 times 1941
Rand by weight croupier select 2 item weight 3 times 716
Rand by weight croupier select 3 item weight 7 times 1575
Rand by weight croupier select 4 item weight 2 times 489
Rand by weight croupier select 5 item weight 6 times 1372
Rand by weight croupier select 6 item weight 7 times 1553
Rand by weight croupier select 7 item weight 9 times 1974
Rand by weight croupier select 8 item weight 4 times 973
Rand by weight croupier select 9 item weight 8 times 1775
Rand by weight croupier select 10 item weight 3 times 717
Rand by weight croupier select 11 item weight 9 times 1953
Rand by weight croupier select 12 item weight 9 times 1910
Rand by weight croupier select 13 item weight 2 times 476
Rand by weight croupier select 14 item weight 7 times 1591
Rand by weight croupier select 15 item weight 0 times 0
Rand by weight croupier select 16 item weight 4 times 963
Rand by weight croupier select 17 item weight 4 times 940
Rand by weight croupier select 18 item weight 0 times 0
Rand by weight croupier select 19 item weight 9 times 1938
Rand by weight croupier select 20 item weight 0 times 0
Rand by weight croupier select 21 item weight 0 times 0
Rand by weight croupier select 22 item weight 1 times 222
Rand by weight croupier select 23 item weight 7 times 1592
Rand by weight croupier select 24 item weight 0 times 0
Rand by weight croupier select 25 item weight 2 times 469
Rand by weight croupier select 26 item weight 9 times 1921
Rand by weight croupier select 27 item weight 2 times 483
Rand by weight croupier select 28 item weight 5 times 1098
Rand by weight croupier select 29 item weight 0 times 0
Rand by weight croupier select 30 item weight 2 times 459
Rand by weight croupier select 31 item weight 3 times 724
Rand by weight croupier select 32 item weight 3 times 686
Rand by weight croupier select 33 item weight 1 times 253
Rand by weight croupier select 34 item weight 9 times 2010
Rand by weight croupier select 35 item weight 0 times 0
Rand by weight croupier select 36 item weight 7 times 1577
Rand by weight croupier select 37 item weight 3 times 679
Rand by weight croupier select 38 item weight 1 times 211
Rand by weight croupier select 39 item weight 5 times 1195
Rand by weight croupier select 40 item weight 1 times 256
Rand by weight croupier select 41 item weight 1 times 260
Rand by weight croupier select 42 item weight 2 times 451
Rand by weight croupier select 43 item weight 5 times 1105
Rand by weight croupier select 44 item weight 9 times 1972
Rand by weight croupier select 45 item weight 4 times 927
Rand by weight croupier select 46 item weight 8 times 1757
Rand by weight croupier select 47 item weight 0 times 0
Rand by weight croupier select 48 item weight 1 times 223
Rand by weight croupier select 49 item weight 7 times 1621
Rand by weight croupier select 50 item weight 6 times 1381
Rand by weight croupier select 51 item weight 1 times 251
Rand by weight croupier select 52 item weight 6 times 1393
Rand by weight croupier select 53 item weight 5 times 1189
Rand by weight croupier select 54 item weight 3 times 693
Rand by weight croupier select 55 item weight 9 times 1965
Rand by weight croupier select 56 item weight 7 times 1589
Rand by weight croupier select 57 item weight 0 times 0
Rand by weight croupier select 58 item weight 8 times 1716
Rand by weight croupier select 59 item weight 0 times 0
Rand by weight croupier select 60 item weight 6 times 1351
Rand by weight croupier select 61 item weight 6 times 1440
Rand by weight croupier select 62 item weight 6 times 1356
Rand by weight croupier select 63 item weight 0 times 0
Rand by weight croupier select 64 item weight 7 times 1630
Rand by weight croupier select 65 item weight 5 times 1164
Rand by weight croupier select 66 item weight 9 times 1964
Rand by weight croupier select 67 item weight 9 times 1974
Rand by weight croupier select 68 item weight 8 times 1779
Rand by weight croupier select 69 item weight 8 times 1791
Rand by weight croupier select 70 item weight 0 times 0
Rand by weight croupier select 71 item weight 7 times 1602
Rand by weight croupier select 72 item weight 3 times 694
Rand by weight croupier select 73 item weight 4 times 980
Rand by weight croupier select 74 item weight 9 times 2042
Rand by weight croupier select 75 item weight 3 times 745
Rand by weight croupier select 76 item weight 9 times 1936
Rand by weight croupier select 77 item weight 1 times 246
Rand by weight croupier select 78 item weight 4 times 926
Rand by weight croupier select 79 item weight 4 times 910
Rand by weight croupier select 80 item weight 6 times 1345
Rand by weight croupier select 81 item weight 9 times 2018
Rand by weight croupier select 82 item weight 1 times 235
Rand by weight croupier select 83 item weight 4 times 883
Rand by weight croupier select 84 item weight 7 times 1609
Rand by weight croupier select 85 item weight 3 times 726
Rand by weight croupier select 86 item weight 9 times 1919
Rand by weight croupier select 87 item weight 6 times 1351
Rand by weight croupier select 88 item weight 6 times 1404
Rand by weight croupier select 89 item weight 5 times 1159
Rand by weight croupier select 90 item weight 5 times 1267
Rand by weight croupier select 91 item weight 0 times 0
Rand by weight croupier select 92 item weight 3 times 699
Rand by weight croupier select 93 item weight 0 times 0
Rand by weight croupier select 94 item weight 0 times 0
Rand by weight croupier select 95 item weight 0 times 0
Rand by weight croupier select 96 item weight 3 times 675
Rand by weight croupier select 97 item weight 9 times 2005
Rand by weight croupier select 98 item weight 2 times 510
Rand by weight croupier select 99 item weight 2 times 456
]]></system-out>
  </testcase>
  <testcase name="testWeightLite" classname="jaskell.croupier.CroupierTest" time="0.113">
    <system-out><![CDATA[Rand by weight croupier select 0 item weight 1 times 226
Rand by weight croupier select 1 item weight 2 times 496
Rand by weight croupier select 2 item weight 5 times 1182
Rand by weight croupier select 3 item weight 0 times 0
Rand by weight croupier select 4 item weight 6 times 1440
Rand by weight croupier select 5 item weight 8 times 1759
Rand by weight croupier select 6 item weight 4 times 987
Rand by weight croupier select 7 item weight 2 times 496
Rand by weight croupier select 8 item weight 7 times 1544
Rand by weight croupier select 9 item weight 2 times 463
Rand by weight croupier select 10 item weight 5 times 1203
Rand by weight croupier select 11 item weight 8 times 1803
Rand by weight croupier select 12 item weight 2 times 510
Rand by weight croupier select 13 item weight 6 times 1370
Rand by weight croupier select 14 item weight 5 times 1120
Rand by weight croupier select 15 item weight 5 times 1155
Rand by weight croupier select 16 item weight 8 times 1775
Rand by weight croupier select 17 item weight 2 times 444
Rand by weight croupier select 18 item weight 7 times 1560
Rand by weight croupier select 19 item weight 6 times 1314
Rand by weight croupier select 20 item weight 4 times 866
Rand by weight croupier select 21 item weight 6 times 1357
Rand by weight croupier select 22 item weight 9 times 2035
Rand by weight croupier select 23 item weight 1 times 215
Rand by weight croupier select 24 item weight 0 times 0
Rand by weight croupier select 25 item weight 5 times 1157
Rand by weight croupier select 26 item weight 1 times 259
Rand by weight croupier select 27 item weight 1 times 222
Rand by weight croupier select 28 item weight 5 times 1111
Rand by weight croupier select 29 item weight 8 times 1875
Rand by weight croupier select 30 item weight 6 times 1381
Rand by weight croupier select 31 item weight 3 times 694
Rand by weight croupier select 32 item weight 4 times 942
Rand by weight croupier select 33 item weight 6 times 1336
Rand by weight croupier select 34 item weight 0 times 0
Rand by weight croupier select 35 item weight 7 times 1584
Rand by weight croupier select 36 item weight 8 times 1769
Rand by weight croupier select 37 item weight 3 times 715
Rand by weight croupier select 38 item weight 7 times 1590
Rand by weight croupier select 39 item weight 4 times 969
Rand by weight croupier select 40 item weight 1 times 234
Rand by weight croupier select 41 item weight 0 times 0
Rand by weight croupier select 42 item weight 0 times 0
Rand by weight croupier select 43 item weight 1 times 240
Rand by weight croupier select 44 item weight 2 times 489
Rand by weight croupier select 45 item weight 6 times 1373
Rand by weight croupier select 46 item weight 1 times 208
Rand by weight croupier select 47 item weight 2 times 488
Rand by weight croupier select 48 item weight 7 times 1552
Rand by weight croupier select 49 item weight 7 times 1551
Rand by weight croupier select 50 item weight 3 times 705
Rand by weight croupier select 51 item weight 2 times 478
Rand by weight croupier select 52 item weight 9 times 2023
Rand by weight croupier select 53 item weight 2 times 498
Rand by weight croupier select 54 item weight 2 times 485
Rand by weight croupier select 55 item weight 8 times 1847
Rand by weight croupier select 56 item weight 9 times 1955
Rand by weight croupier select 57 item weight 2 times 481
Rand by weight croupier select 58 item weight 5 times 1094
Rand by weight croupier select 59 item weight 6 times 1353
Rand by weight croupier select 60 item weight 1 times 225
Rand by weight croupier select 61 item weight 7 times 1576
Rand by weight croupier select 62 item weight 9 times 2056
Rand by weight croupier select 63 item weight 3 times 750
Rand by weight croupier select 64 item weight 8 times 1776
Rand by weight croupier select 65 item weight 0 times 0
Rand by weight croupier select 66 item weight 4 times 971
Rand by weight croupier select 67 item weight 7 times 1585
Rand by weight croupier select 68 item weight 9 times 1963
Rand by weight croupier select 69 item weight 9 times 1982
Rand by weight croupier select 70 item weight 0 times 0
Rand by weight croupier select 71 item weight 0 times 0
Rand by weight croupier select 72 item weight 2 times 486
Rand by weight croupier select 73 item weight 4 times 946
Rand by weight croupier select 74 item weight 8 times 1791
Rand by weight croupier select 75 item weight 9 times 1957
Rand by weight croupier select 76 item weight 1 times 220
Rand by weight croupier select 77 item weight 5 times 1171
Rand by weight croupier select 78 item weight 9 times 2002
Rand by weight croupier select 79 item weight 0 times 0
Rand by weight croupier select 80 item weight 1 times 243
Rand by weight croupier select 81 item weight 5 times 1197
Rand by weight croupier select 82 item weight 2 times 469
Rand by weight croupier select 83 item weight 8 times 1676
Rand by weight croupier select 84 item weight 8 times 1761
Rand by weight croupier select 85 item weight 5 times 1133
Rand by weight croupier select 86 item weight 5 times 1150
Rand by weight croupier select 87 item weight 4 times 873
Rand by weight croupier select 88 item weight 3 times 679
Rand by weight croupier select 89 item weight 8 times 1868
Rand by weight croupier select 90 item weight 4 times 962
Rand by weight croupier select 91 item weight 8 times 1823
Rand by weight croupier select 92 item weight 1 times 229
Rand by weight croupier select 93 item weight 2 times 467
Rand by weight croupier select 94 item weight 3 times 717
Rand by weight croupier select 95 item weight 6 times 1362
Rand by weight croupier select 96 item weight 4 times 948
Rand by weight croupier select 97 item weight 6 times 1370
Rand by weight croupier select 98 item weight 4 times 945
Rand by weight croupier select 99 item weight 3 times 693
]]></system-out>
  </testcase>
</testsuite>